<?xml version="1.0" encoding="UTF-8"?>
<!-- Generated by org.testng.reporters.JUnitXMLReporter -->
<testsuite ignored="0" hostname="Faruq" failures="0" tests="3" name="Default test" time="2.785" errors="0" timestamp="2023-10-07T13:58:09 EDT">
  <testcase classname="com.facebook.loginTests.LoginFunctionalTest" name="userNameTest" time="0.08"/>
  <testcase classname="com.facebook.loginTests.LoginFunctionalTest" name="passwordTest" time="0.069"/>
  <testcase classname="com.facebook.loginTests.LoginFunctionalTest" name="loginButtonTest" time="0.055"/>
</testsuite> <!-- Default test -->
