<?xml version="1.0" encoding="UTF-8"?>
<testng-results ignored="0" total="3" passed="3" failed="0" skipped="0">
  <reporter-output>
  </reporter-output>
  <suite started-at="2023-10-07T13:58:06 EDT" name="Default suite" finished-at="2023-10-07T13:58:09 EDT" duration-ms="2785">
    <groups>
    </groups>
    <test started-at="2023-10-07T13:58:06 EDT" name="Default test" finished-at="2023-10-07T13:58:09 EDT" duration-ms="2785">
      <class name="com.facebook.loginTests.LoginFunctionalTest">
        <test-method is-config="true" signature="openFacebook()[pri:0, instance:com.facebook.loginTests.LoginFunctionalTest@59474f18]" started-at="2023-10-07T13:58:06 EDT" name="openFacebook" finished-at="2023-10-07T13:58:08 EDT" duration-ms="2375" status="PASS">
          <reporter-output>
          </reporter-output>
        </test-method> <!-- openFacebook -->
        <test-method signature="userNameTest()[pri:0, instance:com.facebook.loginTests.LoginFunctionalTest@59474f18]" started-at="2023-10-07T13:58:08 EDT" name="userNameTest" finished-at="2023-10-07T13:58:09 EDT" duration-ms="80" status="PASS">
          <reporter-output>
          </reporter-output>
        </test-method> <!-- userNameTest -->
        <test-method signature="passwordTest()[pri:1, instance:com.facebook.loginTests.LoginFunctionalTest@59474f18]" started-at="2023-10-07T13:58:09 EDT" name="passwordTest" finished-at="2023-10-07T13:58:09 EDT" duration-ms="69" status="PASS">
          <reporter-output>
          </reporter-output>
        </test-method> <!-- passwordTest -->
        <test-method signature="loginButtonTest()[pri:2, instance:com.facebook.loginTests.LoginFunctionalTest@59474f18]" started-at="2023-10-07T13:58:09 EDT" name="loginButtonTest" finished-at="2023-10-07T13:58:09 EDT" duration-ms="55" status="PASS">
          <reporter-output>
          </reporter-output>
        </test-method> <!-- loginButtonTest -->
        <test-method is-config="true" signature="closeFacebook()[pri:0, instance:com.facebook.loginTests.LoginFunctionalTest@59474f18]" started-at="2023-10-07T13:58:09 EDT" name="closeFacebook" finished-at="2023-10-07T13:58:09 EDT" duration-ms="172" status="PASS">
          <reporter-output>
          </reporter-output>
        </test-method> <!-- closeFacebook -->
      </class> <!-- com.facebook.loginTests.LoginFunctionalTest -->
    </test> <!-- Default test -->
  </suite> <!-- Default suite -->
</testng-results>
